gpu6 OOF tasks=[(0, 0), (0, 2), (0, 4), (1, 1), (1, 3), (2, 0), (2, 2), (2, 4), (3, 1), (3, 3), (4, 0), (4, 2), (4, 4)]
exp_003_dual_view OOF fold=0 member=0 seed=1042 device=cuda train=32 val=9 locked=11
epoch=001 train_loss=0.6795 val_nll=0.6517 val_auc=0.8500
epoch=005 train_loss=0.6006 val_nll=0.5019 val_auc=0.8500
epoch=010 train_loss=0.3797 val_nll=0.7808 val_auc=1.0000
epoch=015 train_loss=0.2125 val_nll=0.0186 val_auc=1.0000
epoch=020 train_loss=0.0764 val_nll=0.3346 val_auc=1.0000
epoch=025 train_loss=0.0980 val_nll=0.2912 val_auc=1.0000
epoch=030 train_loss=0.0691 val_nll=0.0036 val_auc=1.0000
epoch=035 train_loss=0.0588 val_nll=0.0036 val_auc=1.0000
epoch=040 train_loss=0.0585 val_nll=0.2221 val_auc=1.0000
epoch=045 train_loss=0.0795 val_nll=0.3167 val_auc=1.0000
epoch=050 train_loss=0.0571 val_nll=0.0070 val_auc=1.0000
epoch=055 train_loss=0.0573 val_nll=0.0074 val_auc=1.0000
epoch=060 train_loss=0.0578 val_nll=0.0066 val_auc=1.0000
epoch=065 train_loss=0.0577 val_nll=0.0130 val_auc=1.0000
complete fold=0 member=0 epoch=35 nll=0.0036
exp_003_dual_view OOF fold=0 member=2 seed=21042 device=cuda train=32 val=9 locked=11
epoch=001 train_loss=0.6942 val_nll=0.6930 val_auc=0.8500
epoch=005 train_loss=0.6241 val_nll=0.4192 val_auc=0.8500
epoch=010 train_loss=0.2991 val_nll=0.2015 val_auc=1.0000
epoch=015 train_loss=0.1103 val_nll=0.0050 val_auc=1.0000
epoch=020 train_loss=0.0735 val_nll=0.0076 val_auc=1.0000
epoch=025 train_loss=0.0821 val_nll=0.0052 val_auc=1.0000
epoch=030 train_loss=0.0588 val_nll=0.0034 val_auc=1.0000
epoch=035 train_loss=0.0579 val_nll=0.0042 val_auc=1.0000
epoch=040 train_loss=0.0579 val_nll=0.0053 val_auc=1.0000
epoch=045 train_loss=0.0570 val_nll=0.0057 val_auc=1.0000
complete fold=0 member=2 epoch=17 nll=0.0028
exp_003_dual_view OOF fold=0 member=4 seed=41042 device=cuda train=32 val=9 locked=11
epoch=001 train_loss=0.6858 val_nll=0.6909 val_auc=0.8500
epoch=005 train_loss=0.6485 val_nll=0.5106 val_auc=0.8500
epoch=010 train_loss=0.5266 val_nll=0.3054 val_auc=0.9500
epoch=015 train_loss=0.2735 val_nll=0.0153 val_auc=1.0000
epoch=020 train_loss=0.0921 val_nll=0.2970 val_auc=1.0000
epoch=025 train_loss=0.0657 val_nll=0.0060 val_auc=1.0000
epoch=030 train_loss=0.0615 val_nll=0.0497 val_auc=1.0000
epoch=035 train_loss=0.0571 val_nll=0.1632 val_auc=1.0000
epoch=040 train_loss=0.0669 val_nll=0.1473 val_auc=1.0000
epoch=045 train_loss=0.0568 val_nll=0.1505 val_auc=1.0000
epoch=050 train_loss=0.0568 val_nll=0.0069 val_auc=1.0000
epoch=055 train_loss=0.0632 val_nll=0.0062 val_auc=1.0000
epoch=060 train_loss=0.0567 val_nll=0.0063 val_auc=1.0000
epoch=065 train_loss=0.0577 val_nll=0.0064 val_auc=1.0000
complete fold=0 member=4 epoch=36 nll=0.0056
exp_003_dual_view OOF fold=1 member=1 seed=11043 device=cuda train=33 val=8 locked=11
epoch=001 train_loss=0.7089 val_nll=0.6974 val_auc=0.9333
epoch=005 train_loss=0.6011 val_nll=0.5282 val_auc=0.9333
epoch=010 train_loss=0.2250 val_nll=0.4033 val_auc=0.9333
epoch=015 train_loss=0.0920 val_nll=1.1562 val_auc=0.7333
epoch=020 train_loss=0.0603 val_nll=0.7217 val_auc=0.8667
epoch=025 train_loss=0.0573 val_nll=0.8131 val_auc=0.8667
epoch=030 train_loss=0.0593 val_nll=0.7225 val_auc=0.8000
epoch=035 train_loss=0.0571 val_nll=0.7473 val_auc=0.8667
complete fold=1 member=1 epoch=6 nll=0.3905
exp_003_dual_view OOF fold=1 member=3 seed=31043 device=cuda train=33 val=8 locked=11
epoch=001 train_loss=0.7068 val_nll=0.6446 val_auc=1.0000
epoch=005 train_loss=0.6632 val_nll=0.4544 val_auc=1.0000
epoch=010 train_loss=0.4341 val_nll=0.7237 val_auc=0.9333
epoch=015 train_loss=0.1377 val_nll=0.8321 val_auc=0.9333
epoch=020 train_loss=0.0615 val_nll=0.4349 val_auc=1.0000
epoch=025 train_loss=0.0583 val_nll=0.7088 val_auc=0.8667
epoch=030 train_loss=0.0584 val_nll=0.6723 val_auc=1.0000
epoch=035 train_loss=0.0582 val_nll=0.6463 val_auc=1.0000
epoch=040 train_loss=0.0580 val_nll=0.6660 val_auc=1.0000
complete fold=1 member=3 epoch=12 nll=0.2232
exp_003_dual_view OOF fold=2 member=0 seed=1044 device=cuda train=33 val=8 locked=11
epoch=001 train_loss=0.6366 val_nll=0.8273 val_auc=0.4667
epoch=005 train_loss=0.4274 val_nll=1.5881 val_auc=0.6000
epoch=010 train_loss=0.3040 val_nll=1.5932 val_auc=0.6667
epoch=015 train_loss=0.0842 val_nll=1.7039 val_auc=0.7333
epoch=020 train_loss=0.0791 val_nll=1.5455 val_auc=0.7333
epoch=025 train_loss=0.0584 val_nll=1.4193 val_auc=0.7333
epoch=030 train_loss=0.0575 val_nll=1.4081 val_auc=0.7333
complete fold=2 member=0 epoch=1 nll=0.8273
exp_003_dual_view OOF fold=2 member=2 seed=21044 device=cuda train=33 val=8 locked=11
epoch=001 train_loss=0.6242 val_nll=0.8625 val_auc=0.5333
epoch=005 train_loss=0.4895 val_nll=1.1822 val_auc=0.6667
epoch=010 train_loss=0.1504 val_nll=1.6090 val_auc=0.7333
epoch=015 train_loss=0.0772 val_nll=1.3007 val_auc=0.7333
epoch=020 train_loss=0.0580 val_nll=1.1854 val_auc=0.8000
epoch=025 train_loss=0.0576 val_nll=1.0760 val_auc=0.8667
epoch=030 train_loss=0.0573 val_nll=0.8979 val_auc=0.9333
epoch=035 train_loss=0.0568 val_nll=0.7869 val_auc=0.9333
epoch=040 train_loss=0.0575 val_nll=1.1036 val_auc=0.8667
epoch=045 train_loss=0.0570 val_nll=0.7814 val_auc=0.8667
epoch=050 train_loss=0.0639 val_nll=1.5870 val_auc=0.7333
epoch=055 train_loss=0.0570 val_nll=0.9548 val_auc=0.8000
epoch=060 train_loss=0.0568 val_nll=0.7793 val_auc=0.8667
epoch=065 train_loss=0.0567 val_nll=0.7706 val_auc=0.8667
epoch=070 train_loss=0.0568 val_nll=0.7675 val_auc=0.8667
complete fold=2 member=2 epoch=43 nll=0.5931
exp_003_dual_view OOF fold=2 member=4 seed=41044 device=cuda train=33 val=8 locked=11
epoch=001 train_loss=0.6359 val_nll=0.7379 val_auc=0.4667
epoch=005 train_loss=0.4405 val_nll=1.2072 val_auc=0.6000
epoch=010 train_loss=0.1399 val_nll=1.8599 val_auc=0.7333
epoch=015 train_loss=0.0770 val_nll=1.8404 val_auc=0.7333
epoch=020 train_loss=0.0713 val_nll=1.6908 val_auc=0.7333
epoch=025 train_loss=0.0591 val_nll=1.5743 val_auc=0.8000
epoch=030 train_loss=0.0577 val_nll=1.4906 val_auc=0.7333
complete fold=2 member=4 epoch=1 nll=0.7379
exp_003_dual_view OOF fold=3 member=1 seed=11045 device=cuda train=33 val=8 locked=11
epoch=001 train_loss=0.7004 val_nll=0.6556 val_auc=0.6667
epoch=005 train_loss=0.6857 val_nll=0.6611 val_auc=0.6667
epoch=010 train_loss=0.5660 val_nll=0.5571 val_auc=0.7333
epoch=015 train_loss=0.4828 val_nll=0.5913 val_auc=0.8667
epoch=020 train_loss=0.2284 val_nll=1.6574 val_auc=0.8000
epoch=025 train_loss=0.1648 val_nll=0.2844 val_auc=0.9333
epoch=030 train_loss=0.0891 val_nll=0.5581 val_auc=1.0000
epoch=035 train_loss=0.0577 val_nll=0.0074 val_auc=1.0000
epoch=040 train_loss=0.0576 val_nll=0.0109 val_auc=1.0000
epoch=045 train_loss=0.0584 val_nll=0.0467 val_auc=1.0000
epoch=050 train_loss=0.0573 val_nll=0.0095 val_auc=1.0000
epoch=055 train_loss=0.0571 val_nll=0.0149 val_auc=1.0000
epoch=060 train_loss=0.0570 val_nll=0.0187 val_auc=1.0000
complete fold=3 member=1 epoch=33 nll=0.0066
exp_003_dual_view OOF fold=3 member=3 seed=31045 device=cuda train=33 val=8 locked=11
epoch=001 train_loss=0.6810 val_nll=0.6219 val_auc=0.6667
epoch=005 train_loss=0.6205 val_nll=0.8473 val_auc=0.7333
epoch=010 train_loss=0.2744 val_nll=0.4146 val_auc=0.8667
epoch=015 train_loss=0.1146 val_nll=0.3761 val_auc=0.9333
epoch=020 train_loss=0.0618 val_nll=1.2607 val_auc=0.8667
epoch=025 train_loss=0.0601 val_nll=0.9846 val_auc=0.9333
epoch=030 train_loss=0.0571 val_nll=0.9115 val_auc=0.9333
epoch=035 train_loss=0.0572 val_nll=0.9772 val_auc=0.9333
epoch=040 train_loss=0.0569 val_nll=1.0178 val_auc=0.9333
complete fold=3 member=3 epoch=12 nll=0.3082
exp_003_dual_view OOF fold=4 member=0 seed=1046 device=cuda train=33 val=8 locked=11
epoch=001 train_loss=0.6836 val_nll=0.7962 val_auc=0.4375
epoch=005 train_loss=0.4951 val_nll=0.8384 val_auc=0.4375
epoch=010 train_loss=0.2822 val_nll=0.3696 val_auc=1.0000
epoch=015 train_loss=0.1268 val_nll=1.2759 val_auc=1.0000
epoch=020 train_loss=0.1302 val_nll=0.6170 val_auc=0.8750
epoch=025 train_loss=0.0579 val_nll=1.3850 val_auc=1.0000
epoch=030 train_loss=0.0569 val_nll=1.1746 val_auc=1.0000
epoch=035 train_loss=0.0580 val_nll=0.4981 val_auc=1.0000
epoch=040 train_loss=0.0567 val_nll=0.9886 val_auc=1.0000
complete fold=4 member=0 epoch=12 nll=0.0382
exp_003_dual_view OOF fold=4 member=2 seed=21046 device=cuda train=33 val=8 locked=11
epoch=001 train_loss=0.6801 val_nll=0.7145 val_auc=0.5000
epoch=005 train_loss=0.5408 val_nll=0.7929 val_auc=0.3750
epoch=010 train_loss=0.4866 val_nll=0.8017 val_auc=0.5000
epoch=015 train_loss=0.3744 val_nll=0.3824 val_auc=1.0000
epoch=020 train_loss=0.3143 val_nll=0.5451 val_auc=1.0000
epoch=025 train_loss=0.0841 val_nll=0.0041 val_auc=1.0000
epoch=030 train_loss=0.1392 val_nll=0.0678 val_auc=1.0000
epoch=035 train_loss=0.1112 val_nll=0.0466 val_auc=1.0000
epoch=040 train_loss=0.0615 val_nll=0.0250 val_auc=1.0000
epoch=045 train_loss=0.0575 val_nll=0.0893 val_auc=1.0000
epoch=050 train_loss=0.0575 val_nll=0.4528 val_auc=1.0000
epoch=055 train_loss=0.0571 val_nll=0.2496 val_auc=1.0000
complete fold=4 member=2 epoch=25 nll=0.0041
exp_003_dual_view OOF fold=4 member=4 seed=41046 device=cuda train=33 val=8 locked=11
epoch=001 train_loss=0.6547 val_nll=0.8035 val_auc=0.4375
epoch=005 train_loss=0.5600 val_nll=0.7398 val_auc=0.5625
epoch=010 train_loss=0.3666 val_nll=1.0585 val_auc=0.7500
epoch=015 train_loss=0.2113 val_nll=0.8125 val_auc=0.9375
epoch=020 train_loss=0.0858 val_nll=0.6607 val_auc=0.8125
epoch=025 train_loss=0.0612 val_nll=0.2246 val_auc=1.0000
epoch=030 train_loss=0.0590 val_nll=0.6922 val_auc=1.0000
epoch=035 train_loss=0.0592 val_nll=0.6978 val_auc=0.8125
epoch=040 train_loss=0.0569 val_nll=0.6922 val_auc=0.9375
complete fold=4 member=4 epoch=13 nll=0.0306
OOF ensemble AUC=0.9755 Acc=0.9268 BA=0.9375 uncertainty-AUC=0.7895
gpu6 final members=[0, 2, 4]
exp_003_dual_view final member=0 seed=1942 epochs=10 device=cuda
epoch=001/10 train_loss=0.6826
epoch=005/10 train_loss=0.5460
epoch=010/10 train_loss=0.2723
complete final member=0
exp_003_dual_view final member=2 seed=21942 epochs=19 device=cuda
epoch=001/19 train_loss=0.6730
epoch=005/19 train_loss=0.5494
epoch=010/19 train_loss=0.1838
epoch=015/19 train_loss=0.1074
complete final member=2
exp_003_dual_view final member=4 seed=41942 epochs=8 device=cuda
epoch=001/8 train_loss=0.6811
epoch=005/8 train_loss=0.4469
complete final member=4
waiting for final members: 1 remaining
FINAL ensemble AUC=0.8214 Acc=0.8182 BA=0.8036
gpu6 complete
