P5-05 architecture=intensity device=cuda members=5
complete architecture=intensity fold=0 member=0
complete architecture=intensity fold=0 member=1
complete architecture=intensity fold=0 member=2
complete architecture=intensity fold=0 member=3
complete architecture=intensity fold=0 member=4
complete architecture=intensity fold=1 member=0
complete architecture=intensity fold=1 member=1
complete architecture=intensity fold=1 member=2
complete architecture=intensity fold=1 member=3
complete architecture=intensity fold=1 member=4
complete architecture=intensity fold=2 member=0
complete architecture=intensity fold=2 member=1
complete architecture=intensity fold=2 member=2
complete architecture=intensity fold=2 member=3
complete architecture=intensity fold=2 member=4
complete architecture=intensity fold=3 member=0
complete architecture=intensity fold=3 member=1
complete architecture=intensity fold=3 member=2
complete architecture=intensity fold=3 member=3
complete architecture=intensity fold=3 member=4
complete architecture=intensity fold=4 member=0
complete architecture=intensity fold=4 member=1
complete architecture=intensity fold=4 member=2
complete architecture=intensity fold=4 member=3
complete architecture=intensity fold=4 member=4
complete architecture=intensity test member=0
complete architecture=intensity test member=1
complete architecture=intensity test member=2
complete architecture=intensity test member=3
complete architecture=intensity test member=4
P5-05 intensity complete records=260
waiting for explanation workers: 1
waiting for explanation workers: 1
/data2/ldz/reference-kernels/AIforSERS/牙菌斑项目/DentalPlaque_SERS_Toolbox/Phase5/explainability/aggregate_explanations.py:59: FutureWarning: errors='ignore' is deprecated and will raise in a future version. Use to_numeric without passing `errors` and catch exceptions explicitly instead
  frame[column] = pd.to_numeric(frame[column], errors="ignore")
{
  "classification_reproduced": true,
  "n_oof_patients": 41,
  "n_test_patients": 11,
  "review_thresholds": {
    "combined_ood": 1.1462900935869231,
    "total_epistemic": 0.0571445984316005
  },
  "oof_ood_error_detection_auc": 0.7564102564102564,
  "oof_combined_review_error_detection_auc": 0.7628205128205129,
  "faithfulness": {
    "mean_top_deletion_drop": 0.2035399231933364,
    "mean_random_deletion_drop": 0.03187337864116514,
    "wilcoxon_statistic": 785.0,
    "wilcoxon_pvalue": 2.4155679057003e-07
  },
  "stability": {
    "mean_spearman": 0.3294477985965113,
    "mean_top_jaccard": 0.28071512629215645,
    "mean_direction_consistency": 0.7608753758770465
  },
  "review": {
    "oof_flagged": 13,
    "oof_errors_flagged": 1,
    "test_flagged": 2,
    "test_errors_flagged": 0
  }
}
P5-05 worker complete: intensity
