gpu6 OOF tasks=[(0, 0), (0, 2), (0, 4), (1, 1), (1, 3), (2, 0), (2, 2), (2, 4), (3, 1), (3, 3), (4, 0), (4, 2), (4, 4)]
P5-01 OOF fold=0 member=0 seed=1042 device=cuda train=32 val=9 locked=11
epoch=001 train_loss=0.6832 val_nll=0.6845 val_auc=0.8500
epoch=005 train_loss=0.6423 val_nll=0.5671 val_auc=0.8500
epoch=010 train_loss=0.6007 val_nll=0.5668 val_auc=0.8500
epoch=015 train_loss=0.5105 val_nll=0.5906 val_auc=0.9000
epoch=020 train_loss=0.4454 val_nll=1.1729 val_auc=0.8500
epoch=025 train_loss=0.4048 val_nll=0.7219 val_auc=0.8500
epoch=030 train_loss=0.4474 val_nll=0.4014 val_auc=0.8500
epoch=035 train_loss=0.3236 val_nll=0.4166 val_auc=0.9500
epoch=040 train_loss=0.2540 val_nll=0.4082 val_auc=0.9000
epoch=045 train_loss=0.1854 val_nll=0.9142 val_auc=0.8500
epoch=050 train_loss=0.1535 val_nll=0.5177 val_auc=0.9000
epoch=055 train_loss=0.1207 val_nll=1.1467 val_auc=0.8500
complete fold=0 member=0 epoch=28 nll=0.3431
P5-01 OOF fold=0 member=2 seed=21042 device=cuda train=32 val=9 locked=11
epoch=001 train_loss=0.6922 val_nll=0.6800 val_auc=0.9000
epoch=005 train_loss=0.6203 val_nll=0.5071 val_auc=0.8500
epoch=010 train_loss=0.6114 val_nll=0.5358 val_auc=0.9500
epoch=015 train_loss=0.5032 val_nll=0.5061 val_auc=0.9500
epoch=020 train_loss=0.3863 val_nll=0.0972 val_auc=1.0000
epoch=025 train_loss=0.2249 val_nll=0.0641 val_auc=1.0000
epoch=030 train_loss=0.0870 val_nll=0.0141 val_auc=1.0000
epoch=035 train_loss=0.0634 val_nll=0.0317 val_auc=1.0000
epoch=040 train_loss=0.0601 val_nll=0.2851 val_auc=1.0000
epoch=045 train_loss=0.0588 val_nll=0.3490 val_auc=1.0000
epoch=050 train_loss=0.0578 val_nll=0.3553 val_auc=0.9500
epoch=055 train_loss=0.0575 val_nll=0.5273 val_auc=0.9500
complete fold=0 member=2 epoch=28 nll=0.0087
P5-01 OOF fold=0 member=4 seed=41042 device=cuda train=32 val=9 locked=11
epoch=001 train_loss=0.6888 val_nll=0.7183 val_auc=0.9000
epoch=005 train_loss=0.6805 val_nll=0.6611 val_auc=0.8500
epoch=010 train_loss=0.5980 val_nll=0.5907 val_auc=0.8500
epoch=015 train_loss=0.5640 val_nll=0.5755 val_auc=0.9000
epoch=020 train_loss=0.4747 val_nll=0.7389 val_auc=0.8500
epoch=025 train_loss=0.4365 val_nll=0.6707 val_auc=0.8500
epoch=030 train_loss=0.4396 val_nll=1.0715 val_auc=0.8000
epoch=035 train_loss=0.3986 val_nll=0.7261 val_auc=0.8500
epoch=040 train_loss=0.3180 val_nll=1.0057 val_auc=0.8500
epoch=045 train_loss=0.2950 val_nll=1.2195 val_auc=0.8500
epoch=050 train_loss=0.2798 val_nll=1.0293 val_auc=0.8000
epoch=055 train_loss=0.2512 val_nll=1.3157 val_auc=0.8000
complete fold=0 member=4 epoch=28 nll=0.5093
P5-01 OOF fold=1 member=1 seed=11043 device=cuda train=33 val=8 locked=11
epoch=001 train_loss=0.7082 val_nll=0.7152 val_auc=0.9333
epoch=005 train_loss=0.5992 val_nll=0.7043 val_auc=0.8667
epoch=010 train_loss=0.4302 val_nll=0.9374 val_auc=0.8667
epoch=015 train_loss=0.2695 val_nll=1.3078 val_auc=0.8000
epoch=020 train_loss=0.0808 val_nll=0.9222 val_auc=0.8667
epoch=025 train_loss=0.0646 val_nll=0.5477 val_auc=0.8667
epoch=030 train_loss=0.0590 val_nll=0.6304 val_auc=0.8667
epoch=035 train_loss=0.0589 val_nll=0.4840 val_auc=0.9333
complete fold=1 member=1 epoch=6 nll=0.4212
P5-01 OOF fold=1 member=3 seed=31043 device=cuda train=33 val=8 locked=11
epoch=001 train_loss=0.7019 val_nll=0.6488 val_auc=0.9333
epoch=005 train_loss=0.6669 val_nll=0.5404 val_auc=0.9333
epoch=010 train_loss=0.5704 val_nll=0.6560 val_auc=0.8667
epoch=015 train_loss=0.3843 val_nll=1.0939 val_auc=0.8667
epoch=020 train_loss=0.1071 val_nll=0.9664 val_auc=0.8667
epoch=025 train_loss=0.0662 val_nll=0.7805 val_auc=0.7333
epoch=030 train_loss=0.0626 val_nll=0.7543 val_auc=0.8000
epoch=035 train_loss=0.0582 val_nll=0.7106 val_auc=0.8000
complete fold=1 member=3 epoch=6 nll=0.5380
P5-01 OOF fold=2 member=0 seed=1044 device=cuda train=33 val=8 locked=11
epoch=001 train_loss=0.6521 val_nll=0.7051 val_auc=0.5333
epoch=005 train_loss=0.5553 val_nll=0.6668 val_auc=0.6667
epoch=010 train_loss=0.4114 val_nll=1.0152 val_auc=0.7333
epoch=015 train_loss=0.2388 val_nll=2.3482 val_auc=0.5333
epoch=020 train_loss=0.1595 val_nll=1.3442 val_auc=0.9333
epoch=025 train_loss=0.1091 val_nll=1.1085 val_auc=0.8667
epoch=030 train_loss=0.0875 val_nll=2.1452 val_auc=0.6000
epoch=035 train_loss=0.0602 val_nll=1.4171 val_auc=0.7333
epoch=040 train_loss=0.0634 val_nll=1.3603 val_auc=0.8000
epoch=045 train_loss=0.0589 val_nll=1.0427 val_auc=0.8667
complete fold=2 member=0 epoch=18 nll=0.6369
P5-01 OOF fold=2 member=2 seed=21044 device=cuda train=33 val=8 locked=11
epoch=001 train_loss=0.6526 val_nll=0.7712 val_auc=0.5333
epoch=005 train_loss=0.5255 val_nll=0.8489 val_auc=0.6667
epoch=010 train_loss=0.3638 val_nll=1.8705 val_auc=0.6000
epoch=015 train_loss=0.1569 val_nll=1.5968 val_auc=0.7333
epoch=020 train_loss=0.0948 val_nll=2.0006 val_auc=0.7333
epoch=025 train_loss=0.0725 val_nll=2.3592 val_auc=0.7333
epoch=030 train_loss=0.0627 val_nll=2.0665 val_auc=0.7333
complete fold=2 member=2 epoch=3 nll=0.6533
P5-01 OOF fold=2 member=4 seed=41044 device=cuda train=33 val=8 locked=11
epoch=001 train_loss=0.6494 val_nll=0.6854 val_auc=0.5333
epoch=005 train_loss=0.5571 val_nll=0.6916 val_auc=0.6000
epoch=010 train_loss=0.4785 val_nll=0.7325 val_auc=0.6667
epoch=015 train_loss=0.3538 val_nll=2.7110 val_auc=0.6000
epoch=020 train_loss=0.2322 val_nll=1.4740 val_auc=0.6667
epoch=025 train_loss=0.0981 val_nll=2.0836 val_auc=0.8667
epoch=030 train_loss=0.0918 val_nll=1.0752 val_auc=0.8667
epoch=035 train_loss=0.0725 val_nll=2.0313 val_auc=0.8667
epoch=040 train_loss=0.0627 val_nll=0.8341 val_auc=1.0000
epoch=045 train_loss=0.0587 val_nll=0.5056 val_auc=1.0000
epoch=050 train_loss=0.0576 val_nll=0.5959 val_auc=0.9333
epoch=055 train_loss=0.0597 val_nll=0.3275 val_auc=1.0000
epoch=060 train_loss=0.0576 val_nll=0.5211 val_auc=0.9333
epoch=065 train_loss=0.0596 val_nll=0.5283 val_auc=0.9333
epoch=070 train_loss=0.0574 val_nll=0.4657 val_auc=1.0000
epoch=075 train_loss=0.0581 val_nll=0.4686 val_auc=1.0000
epoch=080 train_loss=0.0571 val_nll=0.4310 val_auc=1.0000
epoch=085 train_loss=0.0571 val_nll=0.4650 val_auc=1.0000
epoch=090 train_loss=0.0570 val_nll=0.4339 val_auc=0.9333
epoch=095 train_loss=0.0573 val_nll=0.3622 val_auc=0.9333
epoch=100 train_loss=0.0571 val_nll=0.5917 val_auc=0.9333
epoch=105 train_loss=0.0570 val_nll=0.2224 val_auc=0.9333
epoch=110 train_loss=0.0570 val_nll=0.4175 val_auc=0.9333
epoch=115 train_loss=0.0568 val_nll=0.4009 val_auc=0.9333
complete fold=2 member=4 epoch=87 nll=0.1759
P5-01 OOF fold=3 member=1 seed=11045 device=cuda train=33 val=8 locked=11
epoch=001 train_loss=0.6971 val_nll=0.6506 val_auc=0.6667
epoch=005 train_loss=0.6732 val_nll=0.6477 val_auc=0.6667
epoch=010 train_loss=0.5512 val_nll=0.5026 val_auc=0.8000
epoch=015 train_loss=0.4926 val_nll=1.0356 val_auc=0.8667
epoch=020 train_loss=0.3726 val_nll=0.6102 val_auc=0.9333
epoch=025 train_loss=0.3077 val_nll=0.5103 val_auc=0.8667
epoch=030 train_loss=0.0655 val_nll=0.7062 val_auc=0.8667
epoch=035 train_loss=0.0653 val_nll=0.7803 val_auc=0.8000
epoch=040 train_loss=0.0602 val_nll=0.7675 val_auc=0.8000
epoch=045 train_loss=0.0641 val_nll=0.7693 val_auc=0.6667
complete fold=3 member=1 epoch=17 nll=0.4440
P5-01 OOF fold=3 member=3 seed=31045 device=cuda train=33 val=8 locked=11
epoch=001 train_loss=0.6904 val_nll=0.6302 val_auc=0.6667
epoch=005 train_loss=0.6255 val_nll=0.5705 val_auc=0.7333
epoch=010 train_loss=0.5121 val_nll=0.7184 val_auc=0.8667
epoch=015 train_loss=0.3458 val_nll=0.4875 val_auc=0.8667
epoch=020 train_loss=0.1480 val_nll=0.5351 val_auc=0.8667
epoch=025 train_loss=0.0639 val_nll=0.7886 val_auc=0.7333
epoch=030 train_loss=0.0604 val_nll=0.7785 val_auc=0.8000
epoch=035 train_loss=0.0594 val_nll=0.6998 val_auc=0.8667
epoch=040 train_loss=0.0572 val_nll=0.6627 val_auc=0.9333
complete fold=3 member=3 epoch=13 nll=0.3692
P5-01 OOF fold=4 member=0 seed=1046 device=cuda train=33 val=8 locked=11
epoch=001 train_loss=0.6873 val_nll=0.7369 val_auc=0.5000
epoch=005 train_loss=0.5119 val_nll=0.7434 val_auc=0.6250
epoch=010 train_loss=0.4556 val_nll=0.7622 val_auc=0.6250
epoch=015 train_loss=0.3117 val_nll=0.9384 val_auc=1.0000
epoch=020 train_loss=0.2271 val_nll=1.4129 val_auc=1.0000
epoch=025 train_loss=0.1412 val_nll=0.6887 val_auc=1.0000
epoch=030 train_loss=0.1127 val_nll=0.0770 val_auc=1.0000
epoch=035 train_loss=0.1426 val_nll=0.5747 val_auc=1.0000
epoch=040 train_loss=0.0630 val_nll=0.0299 val_auc=1.0000
epoch=045 train_loss=0.1123 val_nll=0.5927 val_auc=1.0000
epoch=050 train_loss=0.0622 val_nll=0.0076 val_auc=1.0000
epoch=055 train_loss=0.0571 val_nll=0.0089 val_auc=1.0000
epoch=060 train_loss=0.0677 val_nll=0.0084 val_auc=1.0000
epoch=065 train_loss=0.0670 val_nll=0.0134 val_auc=1.0000
epoch=070 train_loss=0.0576 val_nll=0.0282 val_auc=1.0000
epoch=075 train_loss=0.0567 val_nll=0.0089 val_auc=1.0000
epoch=080 train_loss=0.0576 val_nll=0.3988 val_auc=1.0000
complete fold=4 member=0 epoch=54 nll=0.0074
P5-01 OOF fold=4 member=2 seed=21046 device=cuda train=33 val=8 locked=11
epoch=001 train_loss=0.6803 val_nll=0.6980 val_auc=0.5000
epoch=005 train_loss=0.5594 val_nll=0.7032 val_auc=0.5625
epoch=010 train_loss=0.5189 val_nll=0.8041 val_auc=0.6250
epoch=015 train_loss=0.4606 val_nll=0.5699 val_auc=0.6875
epoch=020 train_loss=0.3886 val_nll=0.3936 val_auc=0.9375
epoch=025 train_loss=0.2301 val_nll=0.3250 val_auc=1.0000
epoch=030 train_loss=0.1941 val_nll=0.0874 val_auc=1.0000
epoch=035 train_loss=0.0981 val_nll=0.0697 val_auc=1.0000
epoch=040 train_loss=0.0773 val_nll=0.3769 val_auc=1.0000
epoch=045 train_loss=0.0629 val_nll=0.0565 val_auc=1.0000
epoch=050 train_loss=0.0635 val_nll=0.0916 val_auc=1.0000
epoch=055 train_loss=0.0580 val_nll=0.0444 val_auc=1.0000
epoch=060 train_loss=0.0577 val_nll=0.0366 val_auc=1.0000
epoch=065 train_loss=0.0721 val_nll=0.0700 val_auc=1.0000
epoch=070 train_loss=0.0581 val_nll=0.0279 val_auc=1.0000
complete fold=4 member=2 epoch=44 nll=0.0186
P5-01 OOF fold=4 member=4 seed=41046 device=cuda train=33 val=8 locked=11
epoch=001 train_loss=0.6607 val_nll=0.7544 val_auc=0.4375
epoch=005 train_loss=0.5979 val_nll=0.7118 val_auc=0.5625
epoch=010 train_loss=0.4822 val_nll=0.6578 val_auc=0.6875
epoch=015 train_loss=0.4406 val_nll=1.1995 val_auc=0.6250
epoch=020 train_loss=0.4374 val_nll=0.6651 val_auc=0.6875
epoch=025 train_loss=0.2092 val_nll=0.3285 val_auc=0.8750
epoch=030 train_loss=0.0930 val_nll=0.0689 val_auc=1.0000
epoch=035 train_loss=0.0796 val_nll=0.6954 val_auc=1.0000
epoch=040 train_loss=0.0573 val_nll=0.1808 val_auc=1.0000
epoch=045 train_loss=0.0568 val_nll=0.1398 val_auc=1.0000
epoch=050 train_loss=0.0572 val_nll=0.0182 val_auc=1.0000
epoch=055 train_loss=0.0569 val_nll=0.0345 val_auc=1.0000
epoch=060 train_loss=0.0569 val_nll=0.1986 val_auc=1.0000
epoch=065 train_loss=0.0567 val_nll=0.1963 val_auc=1.0000
epoch=070 train_loss=0.0567 val_nll=0.1505 val_auc=1.0000
epoch=075 train_loss=0.0582 val_nll=0.0499 val_auc=1.0000
epoch=080 train_loss=0.0565 val_nll=0.1705 val_auc=1.0000
complete fold=4 member=4 epoch=50 nll=0.0182
OOF ensemble AUC=0.9853 Acc=0.9268 BA=0.9203 uncertainty-AUC=0.7281
gpu6 final members=[0, 2, 4]
P5-01 final member=0 seed=1942 epochs=28 device=cuda
epoch=001/28 train_loss=0.6930
epoch=005/28 train_loss=0.5882
epoch=010/28 train_loss=0.5431
epoch=015/28 train_loss=0.4829
epoch=020/28 train_loss=0.2647
epoch=025/28 train_loss=0.2106
complete final member=0
P5-01 final member=2 seed=21942 epochs=19 device=cuda
epoch=001/19 train_loss=0.6732
epoch=005/19 train_loss=0.5857
epoch=010/19 train_loss=0.4869
epoch=015/19 train_loss=0.2691
complete final member=2
P5-01 final member=4 seed=41942 epochs=37 device=cuda
epoch=001/37 train_loss=0.6897
epoch=005/37 train_loss=0.5823
epoch=010/37 train_loss=0.4958
epoch=015/37 train_loss=0.3831
epoch=020/37 train_loss=0.1448
epoch=025/37 train_loss=0.1190
epoch=030/37 train_loss=0.1074
epoch=035/37 train_loss=0.0601
complete final member=4
FINAL ensemble AUC=0.7143 Acc=0.8182 BA=0.8036
gpu6 complete
