gpu7 assigned OOF folds [1, 3]
Phase4D OOF fold=1 device=cuda train=33 val=8 locked_test=11
epoch=001 train_loss=0.6978 val_nll=0.6819 val_auc=0.9333
epoch=005 train_loss=0.6640 val_nll=0.5052 val_auc=0.9333
epoch=010 train_loss=0.5789 val_nll=0.6114 val_auc=0.8667
epoch=015 train_loss=0.3601 val_nll=0.8288 val_auc=0.8667
epoch=020 train_loss=0.2426 val_nll=0.8041 val_auc=0.8667
epoch=025 train_loss=0.1001 val_nll=0.2738 val_auc=1.0000
epoch=030 train_loss=0.0588 val_nll=0.7405 val_auc=0.8667
epoch=035 train_loss=0.0605 val_nll=0.4707 val_auc=0.9333
epoch=040 train_loss=0.0590 val_nll=0.2788 val_auc=0.9333
epoch=045 train_loss=0.0645 val_nll=0.3301 val_auc=0.9333
epoch=050 train_loss=0.0590 val_nll=0.3573 val_auc=0.9333
epoch=055 train_loss=0.0593 val_nll=0.4331 val_auc=0.9333
epoch=060 train_loss=0.0581 val_nll=0.6673 val_auc=0.9333
epoch=065 train_loss=0.0574 val_nll=0.8215 val_auc=0.8667
epoch=070 train_loss=0.0576 val_nll=0.7374 val_auc=0.9333
OOF fold 1 complete: best_epoch=42 val_nll=0.2539 saved=/data2/ldz/reference-kernels/AIforSERS/牙菌斑项目/DentalPlaque_SERS_Toolbox/Results/Phase4/mcss_hetero/oof_fold_1.json
Phase4D OOF fold=3 device=cuda train=33 val=8 locked_test=11
epoch=001 train_loss=0.7149 val_nll=0.6625 val_auc=0.6667
epoch=005 train_loss=0.6044 val_nll=0.5634 val_auc=0.7333
epoch=010 train_loss=0.5366 val_nll=0.5388 val_auc=0.8667
epoch=015 train_loss=0.2396 val_nll=0.9817 val_auc=0.7333
epoch=020 train_loss=0.0813 val_nll=0.7924 val_auc=0.8000
epoch=025 train_loss=0.0685 val_nll=1.3065 val_auc=0.7333
epoch=030 train_loss=0.0573 val_nll=0.7388 val_auc=0.7333
epoch=035 train_loss=0.0574 val_nll=0.7383 val_auc=0.7333
OOF fold 3 complete: best_epoch=6 val_nll=0.5204 saved=/data2/ldz/reference-kernels/AIforSERS/牙菌斑项目/DentalPlaque_SERS_Toolbox/Results/Phase4/mcss_hetero/oof_fold_3.json
gpu7 OOF assignment complete; gpu6 will perform final training.
